<?xml version="1.0" encoding="UTF-8"?>
<!-- Generated by org.testng.reporters.JUnitXMLReporter -->
<testsuite hostname="192.168.1.12" ignored="1" name="Smoke TestCases" tests="3" failures="0" timestamp="2020-05-17T23:24:22 IST" time="0.067" errors="0">
  <testcase name="fnTest2" time="0.006" classname="testPackage.actualTestClass"/>
  <testcase name="fnTest4" time="0.005" classname="testPackage.actualTestClass"/>
  <testcase name="fnTest1" time="0.002" classname="testPackage.actualTestClass"/>
  <testcase name="fnTest3" time="0.0" classname="testPackage.actualTestClass">
    <ignored/>
  </testcase> <!-- fnTest3 -->
</testsuite> <!-- Smoke TestCases -->
