<?xml version="1.0" encoding="UTF-8"?>
<testng-results skipped="0" failed="0" ignored="0" total="2" passed="2">
  <reporter-output>
  </reporter-output>
  <suite name="Default suite" duration-ms="7562" started-at="2020-05-18T23:19:24 IST" finished-at="2020-05-18T23:19:32 IST">
    <groups>
    </groups>
    <test name="Default test" duration-ms="7562" started-at="2020-05-18T23:19:24 IST" finished-at="2020-05-18T23:19:32 IST">
      <class name="datadriven.TestCase1">
        <test-method status="PASS" signature="openBrowser()[pri:0, instance:datadriven.TestCase1@76707e36]" name="openBrowser" duration-ms="4707" started-at="2020-05-18T23:19:24 IST" finished-at="2020-05-18T23:19:29 IST">
          <reporter-output>
          </reporter-output>
        </test-method> <!-- openBrowser -->
        <test-method status="PASS" signature="quitBrowser()[pri:0, instance:datadriven.TestCase1@76707e36]" name="quitBrowser" duration-ms="2798" started-at="2020-05-18T23:19:29 IST" depends-on-methods="datadriven.TestCase1.openBrowser" finished-at="2020-05-18T23:19:32 IST">
          <reporter-output>
          </reporter-output>
        </test-method> <!-- quitBrowser -->
      </class> <!-- datadriven.TestCase1 -->
    </test> <!-- Default test -->
  </suite> <!-- Default suite -->
</testng-results>
