<?xml version="1.0" encoding="UTF-8"?>
<!-- Generated by org.testng.reporters.JUnitXMLReporter -->
<testsuite hostname="sureshs-mbp" ignored="0" name="Smoke TestCases" tests="3" failures="0" timestamp="2020-05-18T22:05:19 IST" time="0.073" errors="0">
  <testcase name="fnTest8" time="0.007" classname="datadriven.dataDriven"/>
  <testcase name="fnTest8" time="0.008" classname="datadriven.dataDriven"/>
  <testcase name="fnTest8" time="0.004" classname="datadriven.dataDriven"/>
</testsuite> <!-- Smoke TestCases -->
