<?xml version="1.0" encoding="UTF-8"?>
<!-- Generated by org.testng.reporters.JUnitXMLReporter -->
<testsuite hostname="192.168.1.12" ignored="6" name="Group TestCases" tests="1" failures="0" timestamp="2020-05-17T23:38:59 IST" time="0.049" errors="0">
  <testcase name="fnTest7" time="0.009" classname="testPackage.actualTestClass"/>
  <testcase name="fnTest1" time="0.0" classname="testPackage.actualTestClass">
    <ignored/>
  </testcase> <!-- fnTest1 -->
  <testcase name="fnTest3" time="0.0" classname="testPackage.actualTestClass">
    <ignored/>
  </testcase> <!-- fnTest3 -->
  <testcase name="fnTest6" time="0.0" classname="testPackage.actualTestClass">
    <ignored/>
  </testcase> <!-- fnTest6 -->
  <testcase name="fnTest2" time="0.0" classname="testPackage.actualTestClass">
    <ignored/>
  </testcase> <!-- fnTest2 -->
  <testcase name="fnTest5" time="0.0" classname="testPackage.actualTestClass">
    <ignored/>
  </testcase> <!-- fnTest5 -->
  <testcase name="fnTest4" time="0.0" classname="testPackage.actualTestClass">
    <ignored/>
  </testcase> <!-- fnTest4 -->
</testsuite> <!-- Group TestCases -->
